#
# There is insufficient memory for the Java Runtime Environment to continue.
# Native memory allocation (mmap) failed to map 257949696 bytes. Error detail: G1 virtual space
# Possible reasons:
#   The system is out of physical RAM or swap space
#   This process is running with CompressedOops enabled, and the Java Heap may be blocking the growth of the native heap
# Possible solutions:
#   Reduce memory load on the system
#   Increase physical memory or swap space
#   Check if swap backing store is full
#   Decrease Java heap size (-Xmx/-Xms)
#   Decrease number of Java threads
#   Decrease Java thread stack sizes (-Xss)
#   Set larger code cache with -XX:ReservedCodeCacheSize=
#   JVM is running with Zero Based Compressed Oops mode in which the Java heap is
#     placed in the first 32GB address space. The Java Heap base address is the
#     maximum limit for the native heap growth. Please use -XX:HeapBaseMinAddress
#     to set the Java Heap base and to place the Java Heap above 32GB virtual address.
# This output file may be truncated or incomplete.
#
#  Out of Memory Error (os_windows.cpp:3613), pid=6888, tid=18036
#
# JRE version:  (17.0.11+9) (build )
# Java VM: OpenJDK 64-Bit Server VM (17.0.11+9-LTS, mixed mode, sharing, tiered, compressed oops, compressed class ptrs, g1 gc, windows-amd64)
# No core dump will be written. Minidumps are not enabled by default on client versions of Windows
#

---------------  S U M M A R Y ------------

Command Line: org.jetbrains.kotlin.cli.jvm.K2JVMCompiler @D:\LEARN\ReactNative\evenhub\eventhub\node_modules\react-native-safe-area-context\android\build\20240907_15891858574671725801.compiler.options

Host: AMD Ryzen 5 5600H with Radeon Graphics         , 12 cores, 15G,  Windows 11 , 64 bit Build 22621 (10.0.22621.3958)
Time: Sat Sep  7 16:10:36 2024 SE Asia Standard Time elapsed time: 0.013096 seconds (0d 0h 0m 0s)

---------------  T H R E A D  ---------------

Current thread (0x00000226736c3cc0):  JavaThread "Unknown thread" [_thread_in_vm, id=18036, stack(0x000000b36f100000,0x000000b36f200000)]

Stack: [0x000000b36f100000,0x000000b36f200000]
Native frames: (J=compiled Java code, j=interpreted, Vv=VM code, C=native code)
V  [jvm.dll+0x67f6d9]
V  [jvm.dll+0x83773a]
V  [jvm.dll+0x8391fe]
V  [jvm.dll+0x839863]
V  [jvm.dll+0x247fbf]
V  [jvm.dll+0x67c519]
V  [jvm.dll+0x670f8a]
V  [jvm.dll+0x309bdb]
V  [jvm.dll+0x311086]
V  [jvm.dll+0x360a6e]
V  [jvm.dll+0x360c9f]
V  [jvm.dll+0x2e0928]
V  [jvm.dll+0x2e1894]
V  [jvm.dll+0x8090e1]
V  [jvm.dll+0x36e7c1]
V  [jvm.dll+0x7e7b06]
V  [jvm.dll+0x3f202f]
V  [jvm.dll+0x3f3b81]
C  [jli.dll+0x528f]
C  [ucrtbase.dll+0x29333]
C  [KERNEL32.DLL+0x1257d]
C  [ntdll.dll+0x5af28]


---------------  P R O C E S S  ---------------

Threads class SMR info:
_java_thread_list=0x00007fffc2dc2f18, length=0, elements={
}

Java Threads: ( => current thread )

Other Threads:
  0x000002267372cf90 GCTaskThread "GC Thread#0" [stack: 0x000000b36f200000,0x000000b36f300000] [id=14008]
  0x000002267373ec50 ConcurrentGCThread "G1 Main Marker" [stack: 0x000000b36f300000,0x000000b36f400000] [id=16276]
  0x0000022673741580 ConcurrentGCThread "G1 Conc#0" [stack: 0x000000b36f400000,0x000000b36f500000] [id=4104]

[error occurred during error reporting (printing all threads), id 0xc0000005, EXCEPTION_ACCESS_VIOLATION (0xc0000005) at pc=0x00007fffc2581367]

VM state: not at safepoint (not fully initialized)

VM Mutex/Monitor currently owned by a thread:  ([mutex/lock_event])
[0x00000226736c0210] Heap_lock - owner thread: 0x00000226736c3cc0

Heap address: 0x000000070a400000, size: 3932 MB, Compressed Oops mode: Zero based, Oop shift amount: 3

CDS archive(s) mapped at: [0x0000000000000000-0x0000000000000000-0x0000000000000000), size 0, SharedBaseAddress: 0x0000000800000000, ArchiveRelocationMode: 1.
Narrow klass base: 0x0000000000000000, Narrow klass shift: 0, Narrow klass range: 0x0

GC Precious Log:
<Empty>

Heap:
 garbage-first heap   total 0K, used 0K [0x000000070a400000, 0x0000000800000000)
  region size 2048K, 0 young (0K), 0 survivors (0K)

[error occurred during error reporting (printing heap information), id 0xc0000005, EXCEPTION_ACCESS_VIOLATION (0xc0000005) at pc=0x00007fffc2969a59]

GC Heap History (0 events):
No events

Dll operation events (1 events):
Event: 0.008 Loaded shared library C:\Program Files\Microsoft\jdk-17.0.11.9-hotspot\bin\java.dll

Deoptimization events (0 events):
No events

Classes unloaded (0 events):
No events

Classes redefined (0 events):
No events

Internal exceptions (0 events):
No events

VM Operations (0 events):
No events

Events (0 events):
No events


Dynamic libraries:
0x00007ff716350000 - 0x00007ff71635e000 	C:\Program Files\Microsoft\jdk-17.0.11.9-hotspot\bin\java.exe
0x00007ff860910000 - 0x00007ff860b27000 	C:\WINDOWS\SYSTEM32\ntdll.dll
0x00007ff85ecd0000 - 0x00007ff85ed94000 	C:\WINDOWS\System32\KERNEL32.DLL
0x00007ff85dec0000 - 0x00007ff85e26d000 	C:\WINDOWS\System32\KERNELBASE.dll
0x00007ff85e410000 - 0x00007ff85e521000 	C:\WINDOWS\System32\ucrtbase.dll
0x00007ff817d00000 - 0x00007ff817d1b000 	C:\Program Files\Microsoft\jdk-17.0.11.9-hotspot\bin\VCRUNTIME140.dll
0x00007ff82ef80000 - 0x00007ff82ef97000 	C:\Program Files\Microsoft\jdk-17.0.11.9-hotspot\bin\jli.dll
0x00007ff85f200000 - 0x00007ff85f3ae000 	C:\WINDOWS\System32\USER32.dll
0x00007ff84c5c0000 - 0x00007ff84c853000 	C:\WINDOWS\WinSxS\amd64_microsoft.windows.common-controls_6595b64144ccf1df_6.0.22621.3672_none_2713b9d173822955\COMCTL32.dll
0x00007ff85de90000 - 0x00007ff85deb6000 	C:\WINDOWS\System32\win32u.dll
0x00007ff85e9e0000 - 0x00007ff85ea87000 	C:\WINDOWS\System32\msvcrt.dll
0x00007ff85ea90000 - 0x00007ff85eab9000 	C:\WINDOWS\System32\GDI32.dll
0x00007ff85e2f0000 - 0x00007ff85e409000 	C:\WINDOWS\System32\gdi32full.dll
0x00007ff85e5a0000 - 0x00007ff85e63a000 	C:\WINDOWS\System32\msvcp_win.dll
0x00007ff85f440000 - 0x00007ff85f471000 	C:\WINDOWS\System32\IMM32.DLL
0x00007ff84cf10000 - 0x00007ff84cf1c000 	C:\Program Files\Microsoft\jdk-17.0.11.9-hotspot\bin\vcruntime140_1.dll
0x00007fffdec70000 - 0x00007fffdecfd000 	C:\Program Files\Microsoft\jdk-17.0.11.9-hotspot\bin\msvcp140.dll
0x00007fffc2290000 - 0x00007fffc2ef6000 	C:\Program Files\Microsoft\jdk-17.0.11.9-hotspot\bin\server\jvm.dll
0x00007ff860810000 - 0x00007ff8608c2000 	C:\WINDOWS\System32\ADVAPI32.dll
0x00007ff85e660000 - 0x00007ff85e709000 	C:\WINDOWS\System32\sechost.dll
0x00007ff85dcf0000 - 0x00007ff85dd18000 	C:\WINDOWS\System32\bcrypt.dll
0x00007ff85eb20000 - 0x00007ff85ec34000 	C:\WINDOWS\System32\RPCRT4.dll
0x00007ff85cac0000 - 0x00007ff85cb0d000 	C:\WINDOWS\SYSTEM32\POWRPROF.dll
0x00007ff858960000 - 0x00007ff858994000 	C:\WINDOWS\SYSTEM32\WINMM.dll
0x00007ff8580f0000 - 0x00007ff8580fa000 	C:\WINDOWS\SYSTEM32\VERSION.dll
0x00007ff84b5b0000 - 0x00007ff84b5b9000 	C:\WINDOWS\SYSTEM32\WSOCK32.dll
0x00007ff85f3c0000 - 0x00007ff85f431000 	C:\WINDOWS\System32\WS2_32.dll
0x00007ff85caa0000 - 0x00007ff85cab3000 	C:\WINDOWS\SYSTEM32\UMPDC.dll
0x00007ff85cd50000 - 0x00007ff85cd68000 	C:\WINDOWS\SYSTEM32\kernel.appcore.dll
0x00007ff84acb0000 - 0x00007ff84acba000 	C:\Program Files\Microsoft\jdk-17.0.11.9-hotspot\bin\jimage.dll
0x00007ff84f970000 - 0x00007ff84fba2000 	C:\WINDOWS\SYSTEM32\DBGHELP.DLL
0x00007ff85ee70000 - 0x00007ff85f1fd000 	C:\WINDOWS\System32\combase.dll
0x00007ff85f480000 - 0x00007ff85f557000 	C:\WINDOWS\System32\OLEAUT32.dll
0x00007ff848520000 - 0x00007ff848552000 	C:\WINDOWS\SYSTEM32\dbgcore.DLL
0x00007ff85e270000 - 0x00007ff85e2eb000 	C:\WINDOWS\System32\bcryptPrimitives.dll
0x00007fffdfd70000 - 0x00007fffdfd95000 	C:\Program Files\Microsoft\jdk-17.0.11.9-hotspot\bin\java.dll

dbghelp: loaded successfully - version: 4.0.5 - missing functions: none
symbol engine: initialized successfully - sym options: 0x614 - pdb path: .;C:\Program Files\Microsoft\jdk-17.0.11.9-hotspot\bin;C:\WINDOWS\SYSTEM32;C:\WINDOWS\WinSxS\amd64_microsoft.windows.common-controls_6595b64144ccf1df_6.0.22621.3672_none_2713b9d173822955;C:\Program Files\Microsoft\jdk-17.0.11.9-hotspot\bin\server

VM Arguments:
java_command: org.jetbrains.kotlin.cli.jvm.K2JVMCompiler @D:\LEARN\ReactNative\evenhub\eventhub\node_modules\react-native-safe-area-context\android\build\20240907_15891858574671725801.compiler.options
java_class_path (initial): C:\Users\thuda\.gradle\caches\modules-2\files-2.1\org.jetbrains.kotlin\kotlin-compiler-embeddable\1.6.20\18f66cca4301c12893ebe4ef47d65c3d9d2bff9b\kotlin-compiler-embeddable-1.6.20.jar;C:\Users\thuda\.gradle\caches\modules-2\files-2.1\org.jetbrains.kotlin\kotlin-reflect\1.6.20\669965154723f1a712e8677af0cc5470dfdab81c\kotlin-reflect-1.6.20.jar;C:\Users\thuda\.gradle\caches\modules-2\files-2.1\org.jetbrains.kotlin\kotlin-stdlib\1.6.20\6cedc143badbb4f1c6b7f5a340b04edff1743208\kotlin-stdlib-1.6.20.jar;C:\Users\thuda\.gradle\caches\modules-2\files-2.1\org.jetbrains.kotlin\kotlin-script-runtime\1.6.20\a115c367e0fd9c8909293b208689afca0c88a6f1\kotlin-script-runtime-1.6.20.jar;C:\Users\thuda\.gradle\caches\modules-2\files-2.1\org.jetbrains.kotlin\kotlin-daemon-embeddable\1.6.20\d4cac343029f48f106c57f457384771165d7deb5\kotlin-daemon-embeddable-1.6.20.jar;C:\Users\thuda\.gradle\caches\modules-2\files-2.1\org.jetbrains.intellij.deps\trove4j\1.0.20200330\3afb14d5f9ceb459d724e907a21145e8ff394f02\trove4j-1.0.20200330.jar;C:\Users\thuda\.gradle\caches\modules-2\files-2.1\net.java.dev.jna\jna\5.6.0\330f2244e9030119ab3030fc3fededc86713d9cc\jna-5.6.0.jar;C:\Users\thuda\.gradle\caches\modules-2\files-2.1\org.jetbrains.kotlin\kotlin-stdlib-common\1.6.20\27b4562b6713d70f458c6d7ea39aadacb8e6a92b\kotlin-stdlib-common-1.6.20.jar;C:\Users\thuda\.gradle\caches\modules-2\files-2.1\org.jetbrains\annotations\13.0\919f0dfe192fb4e063e7dacadee7f8bb9a2672a9\annotations-13.0.jar
Launcher Type: SUN_STANDARD

[Global flags]
     intx CICompilerCount                          = 4                                         {product} {ergonomic}
     uint ConcGCThreads                            = 3                                         {product} {ergonomic}
     uint G1ConcRefinementThreads                  = 10                                        {product} {ergonomic}
   size_t G1HeapRegionSize                         = 2097152                                   {product} {ergonomic}
    uintx GCDrainStackTargetSize                   = 64                                        {product} {ergonomic}
   size_t InitialHeapSize                          = 257949696                                 {product} {ergonomic}
   size_t MarkStackSize                            = 4194304                                   {product} {ergonomic}
   size_t MaxHeapSize                              = 4123000832                                {product} {ergonomic}
   size_t MinHeapDeltaBytes                        = 2097152                                   {product} {ergonomic}
   size_t MinHeapSize                              = 8388608                                   {product} {ergonomic}
    uintx NonNMethodCodeHeapSize                   = 5839372                                {pd product} {ergonomic}
    uintx NonProfiledCodeHeapSize                  = 122909434                              {pd product} {ergonomic}
    uintx ProfiledCodeHeapSize                     = 122909434                              {pd product} {ergonomic}
    uintx ReservedCodeCacheSize                    = 251658240                              {pd product} {ergonomic}
     bool SegmentedCodeCache                       = true                                      {product} {ergonomic}
   size_t SoftMaxHeapSize                          = 4123000832                             {manageable} {ergonomic}
     bool UseCompressedClassPointers               = true                           {product lp64_product} {ergonomic}
     bool UseCompressedOops                        = true                           {product lp64_product} {ergonomic}
     bool UseG1GC                                  = true                                      {product} {ergonomic}
     bool UseLargePagesIndividualAllocation        = false                                  {pd product} {ergonomic}

Logging:
Log output configuration:
 #0: stdout all=warning uptime,level,tags
 #1: stderr all=off uptime,level,tags

Environment Variables:
JAVA_HOME=C:\Program Files\Microsoft\jdk-17.0.11.9-hotspot\
CLASSPATH=D:\LEARN\ReactNative\evenhub\eventhub\android\\gradle\wrapper\gradle-wrapper.jar
PATH=D:\LEARN\ReactNative\evenhub\eventhub\android\node_modules\.bin;D:\LEARN\ReactNative\evenhub\eventhub\node_modules\.bin;D:\LEARN\ReactNative\evenhub\node_modules\.bin;D:\LEARN\ReactNative\node_modules\.bin;D:\LEARN\node_modules\.bin;D:\node_modules\.bin;E:\nodejs;D:\LEARN\ReactNative\evenhub\eventhub\node_modules\.bin;D:\LEARN\ReactNative\evenhub\node_modules\.bin;D:\LEARN\ReactNative\node_modules\.bin;D:\LEARN\node_modules\.bin;D:\node_modules\.bin;C:\Users\thuda\AppData\Roaming\npm\node_modules\npm\node_modules\@npmcli\run-script\lib\node-gyp-bin;C:\Users\thuda\bin;C:\Program Files\Git\mingw64\bin;C:\Program Files\Git\usr\local\bin;C:\Program Files\Git\usr\bin;C:\Program Files\Git\usr\bin;C:\Program Files\Git\mingw64\bin;C:\Program Files\Git\usr\bin;C:\Users\thuda\bin;C:\Program Files\Microsoft\jdk-17.0.11.9-hotspot\bin;C:\WINDOWS\system32;C:\WINDOWS;C:\WINDOWS\System32\Wbem;C:\WINDOWS\System32\WindowsPowerShell\v1.0;C:\WINDOWS\System32\OpenSSH;C:\Program Files\Git\cmd;C:\Program Files\Git\mingw64\bin;C:\Program Files\Git\usr\bin;C:\ProgramData\chocolatey\bin;%NVM_HOME%;%NVM_SYMLINK%;C:\Program Files\Cloudflare\Cloudflare WARP;C:\Users\thuda\AppData\Local\Microsoft\WindowsApps;C:\Users\thuda\AppData\Roaming\npm;E:\Dev\platform-tools;C:\Users\thuda\AppData\Local\Programs\Microsoft VS Code\bin;E:\nvm;E:\nodejs;C:\Program Files\Git\usr\bin\vendor_perl;C:\Program Files\Git\usr\bin\core_perl
USERNAME=thuda
SHELL=C:\Program Files\Git\usr\bin\bash.exe
DISPLAY=needs-to-be-defined
LANG=en_US.UTF-8
TERM=xterm-256color
TMPDIR=C:\Users\thuda\AppData\Local\Temp
OS=Windows_NT
PROCESSOR_IDENTIFIER=AMD64 Family 25 Model 80 Stepping 0, AuthenticAMD
TMP=C:\Users\thuda\AppData\Local\Temp
TEMP=C:\Users\thuda\AppData\Local\Temp



Periodic native trim disabled


---------------  S Y S T E M  ---------------

OS:
 Windows 11 , 64 bit Build 22621 (10.0.22621.3958)
OS uptime: 6 days 18:11 hours

CPU: total 12 (initial active 12) (12 cores per cpu, 2 threads per core) family 25 model 80 stepping 0 microcode 0x0, cx8, cmov, fxsr, ht, mmx, 3dnowpref, sse, sse2, sse3, ssse3, sse4a, sse4.1, sse4.2, popcnt, lzcnt, tsc, tscinvbit, avx, avx2, aes, erms, clmul, bmi1, bmi2, adx, sha, fma, vzeroupper, clflush, clflushopt
Processor Information for processor 0
  Max Mhz: 3301, Current Mhz: 2321, Mhz Limit: 3301
Processor Information for processor 1
  Max Mhz: 3301, Current Mhz: 2321, Mhz Limit: 3301
Processor Information for processor 2
  Max Mhz: 3301, Current Mhz: 2321, Mhz Limit: 3301
Processor Information for processor 3
  Max Mhz: 3301, Current Mhz: 2321, Mhz Limit: 3301
Processor Information for processor 4
  Max Mhz: 3301, Current Mhz: 2321, Mhz Limit: 3301
Processor Information for processor 5
  Max Mhz: 3301, Current Mhz: 2011, Mhz Limit: 3301
Processor Information for processor 6
  Max Mhz: 3301, Current Mhz: 2321, Mhz Limit: 3301
Processor Information for processor 7
  Max Mhz: 3301, Current Mhz: 2011, Mhz Limit: 3301
Processor Information for processor 8
  Max Mhz: 3301, Current Mhz: 2321, Mhz Limit: 3301
Processor Information for processor 9
  Max Mhz: 3301, Current Mhz: 2011, Mhz Limit: 3301
Processor Information for processor 10
  Max Mhz: 3301, Current Mhz: 2321, Mhz Limit: 3301
Processor Information for processor 11
  Max Mhz: 3301, Current Mhz: 2321, Mhz Limit: 3301

Memory: 4k page, system-wide physical 15724M (412M free)
TotalPageFile size 28142M (AvailPageFile size 117M)
current process WorkingSet (physical memory assigned to process): 12M, peak: 12M
current process commit charge ("private bytes"): 64M, peak: 310M

vm_info: OpenJDK 64-Bit Server VM (17.0.11+9-LTS) for windows-amd64 JRE (17.0.11+9-LTS), built on Apr  9 2024 22:05:54 by "MicrosoftCorporation" with MS VC++ 16.10 / 16.11 (VS2019)

END.
